2016-02-16 18:42:01|WARNING: Msg[0] [52 c1 f1 04] from [yz2]
2016-02-16 18:42:01|INFO: DEVICE: [yz2] EVENT: [EVENT_GETITEM_FINISHED] DEVICE_STATUS: [4] ITEM_STATUS: [0] 
2016-02-16 18:42:01|INFO: Server sent to [yz2]: [INSTRUCTION_YZ_MOVE_RIGHT_AND_SEND_ITEM]
2016-02-16 18:42:02|WARNING: Total Msg [52 c4 07 1d 52 c3 00 15] from [yz2]
2016-02-16 18:42:02|WARNING: Msg[0] [52 c4 07 1d] from [yz2]
2016-02-16 18:42:02|INFO: DEVICE: [yz2] EVENT: [RES_STATUS_BUSY] DEVICE_STATUS: [8] ITEM_STATUS: [0] 
2016-02-16 18:42:02|WARNING: Msg[1] [52 c3 00 15] from [yz2]
2016-02-16 18:42:02|INFO: DEVICE: [yz2] EVENT: [EVENT_DEVICE_WARNING_2] DEVICE_STATUS: [8] ITEM_STATUS: [0] 
2016-02-16 18:42:02|WARNING: [52 c3 00 15] IS NOT RECOGNIZED FOR DEVICE [yz2]
2016-02-16 18:42:02|WARNING: Total Msg [52 c1 f2 05] from [yz2]
2016-02-16 18:42:02|WARNING: Msg[0] [52 c1 f2 05] from [yz2]
2016-02-16 18:42:02|INFO: DEVICE: [yz2] EVENT: [EVENT_SENDITEM_FINISHED] DEVICE_STATUS: [8] ITEM_STATUS: [0] 








222222222222





yz2上有板重启后log消息

2016-02-16 18:47:31|WARNING: Total Msg [52 d3 fb 20] from [yz2]
2016-02-16 18:47:31|WARNING: Msg[0] [52 d3 fb 20] from [yz2]
2016-02-16 18:47:31|WARNING: Total Msg [52 c1 f1 04] from [yz2]             yz2接板完成
2016-02-16 18:47:31|WARNING: Msg[0] [52 c1 f1 04] from [yz2]
2016-02-16 18:47:31|INFO: DEVICE: [yz2] EVENT: [EVENT_GETITEM_FINISHED] DEVICE_STATUS: [0] ITEM_STATUS: [2] 
2016-02-16 18:47:31|INFO: Server sent to [yz2]: [INSTRUCTION_YZ_MOVE_LEFT_AND_SEND_ITEM]                         yz2向左边送板
2016-02-16 18:47:34|WARNING: Total Msg [52 c4 07 1d] from [yz2]                                                  
2016-02-16 18:47:34|WARNING: Msg[0] [52 c4 07 1d] from [yz2]
2016-02-16 18:47:34|INFO: DEVICE: [yz2] EVENT: [RES_STATUS_BUSY] DEVICE_STATUS: [8] ITEM_STATUS: [2] 				yz2回忙
2016-02-16 18:47:34|WARNING: Total Msg [52 c1 f1 04] from [yz2]
2016-02-16 18:47:34|WARNING: Msg[0] [52 c1 f1 04] from [yz2]
2016-02-16 18:47:34|INFO: DEVICE: [yz2] EVENT: [EVENT_GETITEM_FINISHED] DEVICE_STATUS: [8] ITEM_STATUS: [2] 		yz2接板完成
2016-02-16 18:47:46|WARNING: [sbjng] [4] [] [INSTRUCTION_DEVICE_RESET] Stays in the status for too long. reset it	收板机处于收板状态太久，复位它
2016-02-16 18:47:46|INFO: Server sent to [sbjng]: [INSTRUCTION_DEVICE_RESET]
2016-02-16 18:47:46|WARNING: Warning socket from unknow peer <socket._socketobject object at 0x0000000002B00938>	？？？？为什么收板机会断开
2016-02-16 18:47:49|INFO: ACCEPT A CONNECTION FROM IP:[192.168.0.109] PORT:[6231]
2016-02-16 18:47:49|INFO: SERVER sent INSTRUCTION_DEVICE_RESET to [sbjng]											重新复位收板机
2016-02-16 18:47:49|INFO: ACCEPT SOCKET FOR DEVICE [sbjng]
2016-02-16 18:47:49|WARNING: Total Msg [52 c4 07 1d 52 c1 f0 03] from [sbjng]
2016-02-16 18:47:49|WARNING: Msg[0] [52 c4 07 1d] from [sbjng]
2016-02-16 18:47:49|INFO: DEVICE: [sbjng] EVENT: [RES_STATUS_BUSY] DEVICE_STATUS: [10] ITEM_STATUS: [1] 			收板机为什么回忙
2016-02-16 18:47:49|WARNING: Msg[1] [52 c1 f0 03] from [sbjng]														收板机回空闲
2016-02-16 18:47:49|INFO: DEVICE: [sbjng] EVENT: [EVENT_AVAILABLE] DEVICE_STATUS: [5] ITEM_STATUS: [1] 
2016-02-16 18:47:49|INFO: Server sent to [yz2]: [INSTRUCTION_YZ_MOVE_LEFT_AND_SEND_ITEM]							yz2小左边送板
2016-02-16 18:47:49|WARNING: Total Msg [52 c1 f0 03] from [sbjng]
2016-02-16 18:47:49|WARNING: Msg[0] [52 c1 f0 03] from [sbjng]
2016-02-16 18:47:49|INFO: DEVICE: [sbjng] EVENT: [EVENT_AVAILABLE] DEVICE_STATUS: [4] ITEM_STATUS: [2] 
2016-02-16 18:47:49|INFO: Server sent to [yz2]: [INSTRUCTION_YZ_MOVE_LEFT_AND_SEND_ITEM]							为什么又发一遍
2016-02-16 18:47:49|WARNING: Total Msg [52 c4 07 1d] from [yz2]														这时候yz2回忙了，表示确认
2016-02-16 18:47:49|WARNING: Msg[0] [52 c4 07 1d] from [yz2]
2016-02-16 18:47:49|INFO: DEVICE: [yz2] EVENT: [RES_STATUS_BUSY] DEVICE_STATUS: [7] ITEM_STATUS: [2] 





3333333333


2016-02-16 18:48:05|WARNING: [sbjng] [4] [] [INSTRUCTION_DEVICE_RESET] Stays in the status for too long. reset it
2016-02-16 18:48:05|INFO: Server sent to [sbjng]: [INSTRUCTION_DEVICE_RESET]
2016-02-16 18:48:05|WARNING: Warning socket from unknow peer <socket._socketobject object at 0x0000000002B008D0>
2016-02-16 18:48:08|INFO: ACCEPT A CONNECTION FROM IP:[192.168.0.109] PORT:[6236]
2016-02-16 18:48:08|INFO: SERVER sent INSTRUCTION_DEVICE_RESET to [sbjng]
2016-02-16 18:48:08|INFO: ACCEPT SOCKET FOR DEVICE [sbjng]
2016-02-16 18:48:08|WARNING: Total Msg [52 c4 07 1d 52 c1 f0 03] from [sbjng]
2016-02-16 18:48:08|WARNING: Msg[0] [52 c4 07 1d] from [sbjng]
2016-02-16 18:48:08|INFO: DEVICE: [sbjng] EVENT: [RES_STATUS_BUSY] DEVICE_STATUS: [10] ITEM_STATUS: [1] 
2016-02-16 18:48:08|WARNING: Msg[1] [52 c1 f0 03] from [sbjng]
2016-02-16 18:48:08|INFO: DEVICE: [sbjng] EVENT: [EVENT_AVAILABLE] DEVICE_STATUS: [5] ITEM_STATUS: [1] 
2016-02-16 18:48:08|INFO: Server sent to [yz2]: [INSTRUCTION_YZ_MOVE_LEFT_AND_SEND_ITEM]
2016-02-16 18:48:08|WARNING: Total Msg [52 c1 f0 03] from [sbjng]
2016-02-16 18:48:08|WARNING: Msg[0] [52 c1 f0 03] from [sbjng]
2016-02-16 18:48:08|INFO: DEVICE: [sbjng] EVENT: [EVENT_AVAILABLE] DEVICE_STATUS: [4] ITEM_STATUS: [2] 
2016-02-16 18:48:08|INFO: Server sent to [yz2]: [INSTRUCTION_YZ_MOVE_LEFT_AND_SEND_ITEM]
2016-02-16 18:48:08|WARNING: Total Msg [52 c4 07 1d] from [yz2]
2016-02-16 18:48:08|WARNING: Msg[0] [52 c4 07 1d] from [yz2]
2016-02-16 18:48:08|INFO: DEVICE: [yz2] EVENT: [RES_STATUS_BUSY] DEVICE_STATUS: [7] ITEM_STATUS: [2] 
2016-02-16 18:48:10|WARNING: Total Msg [52 c4 07 1d] from [sbjng]
2016-02-16 18:48:10|WARNING: Msg[0] [52 c4 07 1d] from [sbjng]
2016-02-16 18:48:10|INFO: DEVICE: [sbjng] EVENT: [RES_STATUS_BUSY] DEVICE_STATUS: [4] ITEM_STATUS: [2] 
2016-02-16 18:48:11|WARNING: Total Msg [52 d3 fb 20] from [yz2]
2016-02-16 18:48:11|WARNING: Msg[0] [52 d3 fb 20] from [yz2]
2016-02-16 18:48:11|WARNING: Total Msg [52 c1 f2 05] from [yz2]
2016-02-16 18:48:11|WARNING: Msg[0] [52 c1 f2 05] from [yz2]
2016-02-16 18:48:11|INFO: DEVICE: [yz2] EVENT: [EVENT_SENDITEM_FINISHED] DEVICE_STATUS: [7] ITEM_STATUS: [2] 
2016-02-16 18:48:11|WARNING: Total Msg [52 c1 f0 03] from [sbjng]
2016-02-16 18:48:11|WARNING: Msg[0] [52 c1 f0 03] from [sbjng]
2016-02-16 18:48:11|INFO: DEVICE: [sbjng] EVENT: [EVENT_AVAILABLE] DEVICE_STATUS: [5] ITEM_STATUS: [2] 
2016-02-16 18:48:12|WARNING: Total Msg [52 c4 07 1d] from [sbjng]
2016-02-16 18:48:12|WARNING: Msg[0] [52 c4 07 1d] from [sbjng]
2016-02-16 18:48:12|INFO: DEVICE: [sbjng] EVENT: [RES_STATUS_BUSY] DEVICE_STATUS: [0] ITEM_STATUS: [2] 
2016-02-16 18:48:17|WARNING: Total Msg [52 c1 f0 03] from [sbjng]
2016-02-16 18:48:17|WARNING: Msg[0] [52 c1 f0 03] from [sbjng]
2016-02-16 18:48:17|INFO: DEVICE: [sbjng] EVENT: [EVENT_AVAILABLE] DEVICE_STATUS: [5] ITEM_STATUS: [2] 
2016-02-16 19:04:09|INFO: ACCEPT A CONNECTION FROM IP:[192.168.0.106] PORT:[6469]
2016-02-16 19:04:09|INFO: SERVER sent INSTRUCTION_DEVICE_RESET to [ft1]
2016-02-16 19:04:09|INFO: ACCEPT SOCKET FOR DEVICE [ft1]
2016-02-16 19:04:09|WARNING: Warning socket from unknow peer <socket._socketobject object at 0x0000000002B008D0>
2016-02-16 19:04:09|WARNING: Total Msg [52 c4 07 1d 52 d3 f8 1d] from [ft1]
2016-02-16 19:04:09|WARNING: Msg[0] [52 c4 07 1d] from [ft1]
2016-02-16 19:04:09|INFO: DEVICE: [ft1] EVENT: [RES_STATUS_BUSY] DEVICE_STATUS: [0] ITEM_STATUS: [2] 
2016-02-16 19:04:09|WARNING: Msg[1] [52 d3 f8 1d] from [ft1]
2016-02-16 19:04:11|WARNING: Total Msg [52 d3 f3 18] from [ft1]
2016-02-16 19:04:11|WARNING: Msg[0] [52 d3 f3 18] from [ft1]
2016-02-16 19:04:12|WARNING: Total Msg [52 d3 f4 19] from [ft1]
2016-02-16 19:04:12|WARNING: Msg[0] [52 d3 f4 19] from [ft1]
2016-02-16 19:04:14|WARNING: Total Msg [52 c1 f5 08 52 d3 f5 1a] from [ft1]
2016-02-16 19:04:14|WARNING: Msg[0] [52 c1 f5 08] from [ft1]
2016-02-16 19:04:14|INFO: DEVICE: [ft1] EVENT: [EVENT_READYFOR_SENDITEM_NG] DEVICE_STATUS: [0] ITEM_STATUS: [2] 
2016-02-16 19:04:14|INFO: Server sent to [yz2]: [INSTRUCTION_YZ_MOVE_RIGHT_AND_RECV_ITEM]
2016-02-16 19:04:14|WARNING: [Errno 10054] 
2016-02-16 19:04:15|INFO: ACCEPT A CONNECTION FROM IP:[192.168.0.108] PORT:[6471]
2016-02-16 19:04:15|INFO: SERVER sent INSTRUCTION_DEVICE_RESET to [yz2]
2016-02-16 19:04:15|INFO: ACCEPT SOCKET FOR DEVICE [yz2]
2016-02-16 19:04:15|WARNING: Warning socket from unknow peer <socket._socketobject object at 0x0000000002B00B40>
2016-02-16 19:04:15|WARNING: Total Msg [52 c4 07 1d 52 c1 f0 03] from [yz2]
2016-02-16 19:04:15|WARNING: Msg[0] [52 c4 07 1d] from [yz2]
2016-02-16 19:04:15|INFO: DEVICE: [yz2] EVENT: [RES_STATUS_BUSY] DEVICE_STATUS: [0] ITEM_STATUS: [2] 
2016-02-16 19:04:15|WARNING: Msg[1] [52 c1 f0 03] from [yz2]
2016-02-16 19:04:15|INFO: DEVICE: [yz2] EVENT: [EVENT_AVAILABLE] DEVICE_STATUS: [0] ITEM_STATUS: [2] 
2016-02-16 19:04:15|INFO: Server sent to [yz2]: [INSTRUCTION_YZ_MOVE_RIGHT_AND_RECV_ITEM]
2016-02-16 19:04:15|WARNING: Total Msg [52 c4 07 1d] from [yz2]
2016-02-16 19:04:15|WARNING: Msg[0] [52 c4 07 1d] from [yz2]
2016-02-16 19:04:15|INFO: DEVICE: [yz2] EVENT: [RES_STATUS_BUSY] DEVICE_STATUS: [1] ITEM_STATUS: [2] 
2016-02-16 19:04:20|INFO: ACCEPT A CONNECTION FROM IP:[192.168.0.109] PORT:[6475]
2016-02-16 19:04:20|INFO: SERVER sent INSTRUCTION_DEVICE_RESET to [sbjng]
2016-02-16 19:04:20|INFO: ACCEPT SOCKET FOR DEVICE [sbjng]
2016-02-16 19:04:20|WARNING: Warning socket from unknow peer <socket._socketobject object at 0x0000000002B00938>
2016-02-16 19:04:20|WARNING: Total Msg [52 c4 07 1d 52 c1 f0 03] from [sbjng]
2016-02-16 19:04:20|WARNING: Msg[0] [52 c4 07 1d] from [sbjng]
2016-02-16 19:04:20|INFO: DEVICE: [sbjng] EVENT: [RES_STATUS_BUSY] DEVICE_STATUS: [0] ITEM_STATUS: [2] 
2016-02-16 19:04:20|WARNING: Msg[1] [52 c1 f0 03] from [sbjng]
2016-02-16 19:04:20|INFO: DEVICE: [sbjng] EVENT: [EVENT_AVAILABLE] DEVICE_STATUS: [5] ITEM_STATUS: [2] 
2016-02-16 19:04:20|WARNING: Total Msg [52 c1 f0 03] from [sbjng]
2016-02-16 19:04:20|WARNING: Msg[0] [52 c1 f0 03] from [sbjng]
2016-02-16 19:04:20|INFO: DEVICE: [sbjng] EVENT: [EVENT_AVAILABLE] DEVICE_STATUS: [0] ITEM_STATUS: [2] 
2016-02-16 19:04:21|WARNING: Total Msg [52 d3 f8 1d 52 c2 03 17] from [yz2]
2016-02-16 19:04:21|WARNING: Msg[0] [52 d3 f8 1d] from [yz2]
2016-02-16 19:04:21|WARNING: Msg[1] [52 c2 03 17] from [yz2]
2016-02-16 19:04:21|INFO: DEVICE: [yz2] EVENT: [EVENT_READYFOR_GETITEM_RIGHT] DEVICE_STATUS: [1] ITEM_STATUS: [2] 
2016-02-16 19:04:21|INFO: Server sent to [ft1]: [INSTRUCTION_DEVICE_SENDITEM]
2016-02-16 19:04:21|WARNING: Total Msg [52 d3 f9 1e] from [yz2]
2016-02-16 19:04:21|WARNING: Msg[0] [52 d3 f9 1e] from [yz2]
2016-02-16 19:04:21|WARNING: Total Msg [52 c4 07 1d] from [ft1]
2016-02-16 19:04:21|WARNING: Msg[0] [52 c4 07 1d] from [ft1]
2016-02-16 19:04:21|INFO: DEVICE: [ft1] EVENT: [RES_STATUS_BUSY] DEVICE_STATUS: [8] ITEM_STATUS: [1] 
2016-02-16 19:04:22|WARNING: Total Msg [52 c1 f2 05 52 d3 f6 1b] from [ft1]
2016-02-16 19:04:22|WARNING: Msg[0] [52 c1 f2 05] from [ft1]
2016-02-16 19:04:22|INFO: DEVICE: [ft1] EVENT: [EVENT_SENDITEM_FINISHED] DEVICE_STATUS: [8] ITEM_STATUS: [1] 
2016-02-16 19:04:22|WARNING: Msg[1] [52 d3 f6 1b] from [ft1]
2016-02-16 19:04:23|WARNING: Total Msg [52 d3 fb 20] from [yz2]
2016-02-16 19:04:23|WARNING: Msg[0] [52 d3 fb 20] from [yz2]
2016-02-16 19:04:23|WARNING: Total Msg [52 c1 f1 04] from [yz2]
2016-02-16 19:04:23|WARNING: Msg[0] [52 c1 f1 04] from [yz2]
2016-02-16 19:04:23|INFO: DEVICE: [yz2] EVENT: [EVENT_GETITEM_FINISHED] DEVICE_STATUS: [4] ITEM_STATUS: [1] 
2016-02-16 19:04:23|INFO: Server sent to [yz2]: [INSTRUCTION_YZ_MOVE_LEFT_AND_SEND_ITEM]
2016-02-16 19:04:23|WARNING: Total Msg [52 c4 07 1d] from [yz2]
2016-02-16 19:04:23|WARNING: Msg[0] [52 c4 07 1d] from [yz2]
2016-02-16 19:04:23|INFO: DEVICE: [yz2] EVENT: [RES_STATUS_BUSY] DEVICE_STATUS: [8] ITEM_STATUS: [1] 
2016-02-16 19:04:29|WARNING: Total Msg [52 c4 07 1d] from [sbjng]
2016-02-16 19:04:29|WARNING: Msg[0] [52 c4 07 1d] from [sbjng]
2016-02-16 19:04:29|INFO: DEVICE: [sbjng] EVENT: [RES_STATUS_BUSY] DEVICE_STATUS: [4] ITEM_STATUS: [2] 
2016-02-16 19:04:31|WARNING: Total Msg [52 d3 fb 20] from [yz2]
2016-02-16 19:04:31|WARNING: Msg[0] [52 d3 fb 20] from [yz2]
2016-02-16 19:04:31|WARNING: Total Msg [52 c1 f2 05] from [yz2]
2016-02-16 19:04:31|WARNING: Msg[0] [52 c1 f2 05] from [yz2]
2016-02-16 19:04:31|INFO: DEVICE: [yz2] EVENT: [EVENT_SENDITEM_FINISHED] DEVICE_STATUS: [8] ITEM_STATUS: [1] 
2016-02-16 19:04:36|WARNING: Total Msg [52 c1 f0 03] from [sbjng]
2016-02-16 19:04:36|WARNING: Msg[0] [52 c1 f0 03] from [sbjng]
2016-02-16 19:04:36|INFO: DEVICE: [sbjng] EVENT: [EVENT_AVAILABLE] DEVICE_STATUS: [5] ITEM_STATUS: [2] 
2016-02-16 19:05:44|INFO: ACCEPT A CONNECTION FROM IP:[192.168.0.102] PORT:[6492]
2016-02-16 19:05:44|INFO: SERVER sent INSTRUCTION_DEVICE_RESET to [ict]
2016-02-16 19:05:44|INFO: ACCEPT SOCKET FOR DEVICE [ict]
2016-02-16 19:05:44|WARNING: Warning socket from unknow peer <socket._socketobject object at 0x0000000002B00A70>
2016-02-16 19:05:44|WARNING: Total Msg [52 c4 07 1d 52 d3 f8 1d] from [ict]
2016-02-16 19:05:44|WARNING: Msg[0] [52 c4 07 1d] from [ict]
2016-02-16 19:05:44|INFO: DEVICE: [ict] EVENT: [RES_STATUS_BUSY] DEVICE_STATUS: [0] ITEM_STATUS: [2] 
2016-02-16 19:05:44|WARNING: Msg[1] [52 d3 f8 1d] from [ict]
2016-02-16 19:05:55|INFO: ACCEPT A CONNECTION FROM IP:[192.168.0.103] PORT:[6494]
2016-02-16 19:05:55|INFO: SERVER sent INSTRUCTION_DEVICE_RESET to [yz1]
2016-02-16 19:05:55|INFO: ACCEPT SOCKET FOR DEVICE [yz1]
2016-02-16 19:05:55|WARNING: Warning socket from unknow peer <socket._socketobject object at 0x0000000002B009A0>
2016-02-16 19:05:55|WARNING: Total Msg [52 c4 07 1d 52 c1 f0 03] from [yz1]
2016-02-16 19:05:55|WARNING: Msg[0] [52 c4 07 1d] from [yz1]
2016-02-16 19:05:55|INFO: DEVICE: [yz1] EVENT: [RES_STATUS_BUSY] DEVICE_STATUS: [0] ITEM_STATUS: [2] 
2016-02-16 19:05:55|WARNING: Msg[1] [52 c1 f0 03] from [yz1]
2016-02-16 19:05:55|INFO: DEVICE: [yz1] EVENT: [EVENT_AVAILABLE] DEVICE_STATUS: [0] ITEM_STATUS: [2] 
2016-02-16 19:05:55|INFO: Server sent to [yz1]: [INSTRUCTION_YZ_MOVE_RIGHT_AND_RECV_ITEM]
2016-02-16 19:05:55|WARNING: Total Msg [52 c4 07 1d 52 d3 f8 1d] from [yz1]
2016-02-16 19:05:55|WARNING: Msg[0] [52 c4 07 1d] from [yz1]
2016-02-16 19:05:55|INFO: DEVICE: [yz1] EVENT: [RES_STATUS_BUSY] DEVICE_STATUS: [1] ITEM_STATUS: [2] 
2016-02-16 19:05:55|WARNING: Msg[1] [52 d3 f8 1d] from [yz1]
2016-02-16 19:05:55|WARNING: Total Msg [52 c2 03 17 52 d3 f9 1e] from [yz1]
2016-02-16 19:05:55|WARNING: Msg[0] [52 c2 03 17] from [yz1]
2016-02-16 19:05:55|INFO: DEVICE: [yz1] EVENT: [EVENT_READYFOR_GETITEM_RIGHT] DEVICE_STATUS: [1] ITEM_STATUS: [2] 
2016-02-16 19:05:55|INFO: YZ1 is ready to recv, but [ict] is of status [0].
2016-02-16 19:05:55|WARNING: Msg[1] [52 d3 f9 1e] from [yz1]
2016-02-16 19:06:08|INFO: ACCEPT A CONNECTION FROM IP:[192.168.0.107] PORT:[6501]
2016-02-16 19:06:08|INFO: SERVER sent INSTRUCTION_DEVICE_RESET to [ft2]
2016-02-16 19:06:08|INFO: ACCEPT SOCKET FOR DEVICE [ft2]
2016-02-16 19:06:08|WARNING: Warning socket from unknow peer <socket._socketobject object at 0x0000000002B00AD8>
2016-02-16 19:06:08|WARNING: Total Msg [52 c4 07 1d 52 d3 f8 1d] from [ft2]
2016-02-16 19:06:08|WARNING: Msg[0] [52 c4 07 1d] from [ft2]
2016-02-16 19:06:08|INFO: DEVICE: [ft2] EVENT: [RES_STATUS_BUSY] DEVICE_STATUS: [0] ITEM_STATUS: [2] 
2016-02-16 19:06:08|WARNING: Msg[1] [52 d3 f8 1d] from [ft2]
2016-02-16 19:06:10|WARNING: Total Msg [52 c1 f0 03] from [ft2]
2016-02-16 19:06:10|WARNING: Msg[0] [52 c1 f0 03] from [ft2]
2016-02-16 19:06:10|INFO: DEVICE: [ft2] EVENT: [EVENT_AVAILABLE] DEVICE_STATUS: [0] ITEM_STATUS: [2] 
