2016-02-14 20:08:43|INFO: ##########################################################
2016-02-14 20:08:43|INFO: The server is starting
2016-02-14 20:08:43|INFO: ##########################################################
2016-02-14 20:08:46|INFO: ACCEPT A CONNECTION FROM IP:[192.168.0.102] PORT:[10920]
2016-02-14 20:08:46|INFO: SERVER sent INSTRUCTION_DEVICE_RESET to [ict]
2016-02-14 20:08:46|INFO: ACCEPT SOCKET FOR DEVICE [ict]
2016-02-14 20:08:46|WARNING: Total Msg [52 c4 07 1d 52 d3 f8 1d] from [ict]
2016-02-14 20:08:46|WARNING: Msg[0] [52 c4 07 1d] from [ict]
2016-02-14 20:08:46|INFO: DEVICE: [ict] EVENT: [RES_STATUS_BUSY] DEVICE_STATUS: [10] ITEM_STATUS: [1] 
2016-02-14 20:08:46|WARNING: Msg[1] [52 d3 f8 1d] from [ict]
2016-02-14 20:08:46|WARNING: Total Msg [52 c4 07 1d] from [ict]
2016-02-14 20:08:46|WARNING: Msg[0] [52 c4 07 1d] from [ict]
2016-02-14 20:08:46|INFO: DEVICE: [ict] EVENT: [RES_STATUS_BUSY] DEVICE_STATUS: [10] ITEM_STATUS: [1] 
2016-02-14 20:08:46|INFO: ACCEPT A CONNECTION FROM IP:[192.168.0.107] PORT:[10878]
2016-02-14 20:08:46|INFO: SERVER sent INSTRUCTION_DEVICE_RESET to [ft2]
2016-02-14 20:08:46|INFO: ACCEPT SOCKET FOR DEVICE [ft2]
2016-02-14 20:08:46|INFO: ACCEPT A CONNECTION FROM IP:[192.168.0.108] PORT:[9525]
2016-02-14 20:08:46|INFO: SERVER sent INSTRUCTION_DEVICE_RESET to [yz2]
2016-02-14 20:08:46|INFO: ACCEPT SOCKET FOR DEVICE [yz2]
2016-02-14 20:08:46|WARNING: Total Msg [52 c1 f4 07] from [ict]
2016-02-14 20:08:46|WARNING: Msg[0] [52 c1 f4 07] from [ict]
2016-02-14 20:08:46|INFO: DEVICE: [ict] EVENT: [EVENT_READYFOR_SENDITEM_OK] DEVICE_STATUS: [10] ITEM_STATUS: [1] 
2016-02-14 20:08:46|INFO: ACCEPT A CONNECTION FROM IP:[192.168.0.109] PORT:[10757]
2016-02-14 20:08:46|INFO: SERVER sent INSTRUCTION_DEVICE_RESET to [sbjng]
2016-02-14 20:08:46|INFO: ACCEPT SOCKET FOR DEVICE [sbjng]
2016-02-14 20:08:46|WARNING: Total Msg [52 c4 07 1d 52 d3 f8 1d] from [ft2]
2016-02-14 20:08:46|WARNING: Msg[0] [52 c4 07 1d] from [ft2]
2016-02-14 20:08:46|INFO: DEVICE: [ft2] EVENT: [RES_STATUS_BUSY] DEVICE_STATUS: [10] ITEM_STATUS: [1] 
2016-02-14 20:08:46|WARNING: Msg[1] [52 d3 f8 1d] from [ft2]
2016-02-14 20:08:46|WARNING: Total Msg [52 c4 07 1d] from [ft2]
2016-02-14 20:08:46|WARNING: Msg[0] [52 c4 07 1d] from [ft2]
2016-02-14 20:08:46|INFO: DEVICE: [ft2] EVENT: [RES_STATUS_BUSY] DEVICE_STATUS: [10] ITEM_STATUS: [1] 
2016-02-14 20:08:46|INFO: ACCEPT A CONNECTION FROM IP:[192.168.0.103] PORT:[6446]
2016-02-14 20:08:46|INFO: SERVER sent INSTRUCTION_DEVICE_RESET to [yz1]
2016-02-14 20:08:46|INFO: ACCEPT SOCKET FOR DEVICE [yz1]
2016-02-14 20:08:46|INFO: ACCEPT A CONNECTION FROM IP:[192.168.0.106] PORT:[10870]
2016-02-14 20:08:46|INFO: SERVER sent INSTRUCTION_DEVICE_RESET to [ft1]
2016-02-14 20:08:46|INFO: ACCEPT SOCKET FOR DEVICE [ft1]
2016-02-14 20:08:46|WARNING: Total Msg [52 c4 07 1d 52 c1 f0 03] from [yz2]
2016-02-14 20:08:46|WARNING: Msg[0] [52 c4 07 1d] from [yz2]
2016-02-14 20:08:46|INFO: DEVICE: [yz2] EVENT: [RES_STATUS_BUSY] DEVICE_STATUS: [10] ITEM_STATUS: [1] 
2016-02-14 20:08:46|WARNING: Msg[1] [52 c1 f0 03] from [yz2]
2016-02-14 20:08:46|INFO: DEVICE: [yz2] EVENT: [EVENT_AVAILABLE] DEVICE_STATUS: [10] ITEM_STATUS: [1] 
2016-02-14 20:08:46|WARNING: Total Msg [52 d3 f5 1a] from [ft2]
2016-02-14 20:08:46|WARNING: Msg[0] [52 d3 f5 1a] from [ft2]
2016-02-14 20:08:46|WARNING: Total Msg [52 c4 07 1d 52 c1 f0 03] from [sbjng]
2016-02-14 20:08:46|WARNING: Msg[0] [52 c4 07 1d] from [sbjng]
2016-02-14 20:08:46|INFO: DEVICE: [sbjng] EVENT: [RES_STATUS_BUSY] DEVICE_STATUS: [10] ITEM_STATUS: [1] 
2016-02-14 20:08:46|WARNING: Msg[1] [52 c1 f0 03] from [sbjng]
2016-02-14 20:08:46|INFO: DEVICE: [sbjng] EVENT: [EVENT_AVAILABLE] DEVICE_STATUS: [5] ITEM_STATUS: [1] 
2016-02-14 20:08:46|WARNING: Total Msg [52 c1 f0 03] from [sbjng]
2016-02-14 20:08:46|WARNING: Msg[0] [52 c1 f0 03] from [sbjng]
2016-02-14 20:08:46|INFO: DEVICE: [sbjng] EVENT: [EVENT_AVAILABLE] DEVICE_STATUS: [0] ITEM_STATUS: [2] 
2016-02-14 20:08:46|WARNING: Total Msg [52 c4 07 1d 52 c1 f1 04] from [yz1]
2016-02-14 20:08:46|WARNING: Msg[0] [52 c4 07 1d] from [yz1]
2016-02-14 20:08:46|INFO: DEVICE: [yz1] EVENT: [RES_STATUS_BUSY] DEVICE_STATUS: [10] ITEM_STATUS: [1] 
2016-02-14 20:08:46|WARNING: Msg[1] [52 c1 f1 04] from [yz1]
2016-02-14 20:08:46|INFO: DEVICE: [yz1] EVENT: [EVENT_GETITEM_FINISHED] DEVICE_STATUS: [10] ITEM_STATUS: [1] 
2016-02-14 20:08:46|INFO: yz1 is waiting for an available FT
2016-02-14 20:08:16|WARNING: Total Msg [52 c3 00 15 52 c1 f2 05] from [yz1]
2016-02-14 20:08:16|WARNING: Msg[0] [52 c3 00 15] from [yz1]
2016-02-14 20:08:16|INFO: DEVICE: [yz1] EVENT: [EVENT_DEVICE_WARNING_2] DEVICE_STATUS: [7] ITEM_STATUS: [1] 
2016-02-14 20:08:16|WARNING: [52 c3 00 15] IS NOT RECOGNIZED FOR DEVICE [yz1]
2016-02-14 20:08:16|WARNING: Msg[1] [52 c1 f2 05] from [yz1]
2016-02-14 20:08:16|INFO: DEVICE: [yz1] EVENT: [EVENT_SENDITEM_FINISHED] DEVICE_STATUS: [7] ITEM_STATUS: [1] 
2016-02-14 20:08:16|INFO: Server sent to [yz1]: [INSTRUCTION_YZ_MOVE_RIGHT_AND_RECV_ITEM]
2016-02-14 20:08:31|WARNING: Total Msg [52 c1 f0 03] from [yz1]
2016-02-14 20:08:31|WARNING: Msg[0] [52 c1 f0 03] from [yz1]
2016-02-14 20:08:31|INFO: DEVICE: [yz1] EVENT: [EVENT_AVAILABLE] DEVICE_STATUS: [1] ITEM_STATUS: [1] 
2016-02-14 20:08:31|INFO: Server sent to [yz1]: [INSTRUCTION_YZ_MOVE_RIGHT_AND_RECV_ITEM]
2016-02-14 20:08:31|WARNING: Total Msg [52 c4 07 1d] from [yz1]
2016-02-14 20:08:31|WARNING: Msg[0] [52 c4 07 1d] from [yz1]
2016-02-14 20:08:31|INFO: DEVICE: [yz1] EVENT: [RES_STATUS_BUSY] DEVICE_STATUS: [1] ITEM_STATUS: [1] 
2016-02-14 20:08:34|WARNING: Total Msg [52 d3 f8 1d 52 c2 03 17] from [yz1]
2016-02-14 20:08:34|WARNING: Msg[0] [52 d3 f8 1d] from [yz1]
2016-02-14 20:08:34|WARNING: Msg[1] [52 c2 03 17] from [yz1]
2016-02-14 20:08:34|INFO: DEVICE: [yz1] EVENT: [EVENT_READYFOR_GETITEM_RIGHT] DEVICE_STATUS: [1] ITEM_STATUS: [1] 
2016-02-14 20:08:34|INFO: Server sent to [ict]: [INSTRUCTION_DEVICE_SENDITEM]
2016-02-14 20:08:34|WARNING: Total Msg [52 d3 f9 1e] from [yz1]
2016-02-14 20:08:34|WARNING: Msg[0] [52 d3 f9 1e] from [yz1]
2016-02-14 20:08:34|WARNING: Total Msg [52 c4 07 1d] from [ict]
2016-02-14 20:08:34|WARNING: Msg[0] [52 c4 07 1d] from [ict]
2016-02-14 20:08:34|INFO: DEVICE: [ict] EVENT: [RES_STATUS_BUSY] DEVICE_STATUS: [8] ITEM_STATUS: [1] 
2016-02-14 20:08:35|WARNING: Total Msg [52 d3 f7 1c 52 c1 f2 05] from [ict]
2016-02-14 20:08:35|WARNING: Msg[0] [52 d3 f7 1c] from [ict]
2016-02-14 20:08:35|WARNING: Msg[1] [52 c1 f2 05] from [ict]
2016-02-14 20:08:35|INFO: DEVICE: [ict] EVENT: [EVENT_SENDITEM_FINISHED] DEVICE_STATUS: [8] ITEM_STATUS: [1] 
2016-02-14 20:08:36|WARNING: Total Msg [52 d3 fb 20] from [yz1]
2016-02-14 20:08:36|WARNING: Msg[0] [52 d3 fb 20] from [yz1]
2016-02-14 20:08:36|WARNING: Total Msg [52 c1 f1 04] from [yz1]
2016-02-14 20:08:36|WARNING: Msg[0] [52 c1 f1 04] from [yz1]
2016-02-14 20:08:36|INFO: DEVICE: [yz1] EVENT: [EVENT_GETITEM_FINISHED] DEVICE_STATUS: [4] ITEM_STATUS: [1] 
2016-02-14 20:08:36|INFO: yz1 is waiting for an available FT
2016-02-14 21:09:49|INFO: ACCEPT A CONNECTION FROM IP:[192.168.0.106] PORT:[11048]
2016-02-14 21:09:49|INFO: SERVER sent INSTRUCTION_DEVICE_RESET to [ft1]
2016-02-14 21:09:49|INFO: ACCEPT SOCKET FOR DEVICE [ft1]
2016-02-14 21:09:49|WARNING: Warning socket from unknow peer <socket._socketobject object at 0x00000000029E1AD8>
2016-02-14 21:09:49|INFO: ACCEPT A CONNECTION FROM IP:[192.168.0.108] PORT:[9703]
2016-02-14 21:09:49|INFO: SERVER sent INSTRUCTION_DEVICE_RESET to [yz2]
2016-02-14 21:09:49|INFO: ACCEPT SOCKET FOR DEVICE [yz2]
2016-02-14 21:09:49|WARNING: Warning socket from unknow peer <socket._socketobject object at 0x00000000029E19A0>
2016-02-14 21:09:49|INFO: ACCEPT A CONNECTION FROM IP:[192.168.0.109] PORT:[10935]
2016-02-14 21:09:49|INFO: SERVER sent INSTRUCTION_DEVICE_RESET to [sbjng]
2016-02-14 21:09:49|INFO: ACCEPT SOCKET FOR DEVICE [sbjng]
2016-02-14 21:09:49|WARNING: Warning socket from unknow peer <socket._socketobject object at 0x00000000029E1A08>
2016-02-14 21:09:49|WARNING: Total Msg [52 c4 07 1d 52 c1 f0 03] from [yz2]
2016-02-14 21:09:49|WARNING: Msg[0] [52 c4 07 1d] from [yz2]
2016-02-14 21:09:49|INFO: DEVICE: [yz2] EVENT: [RES_STATUS_BUSY] DEVICE_STATUS: [0] ITEM_STATUS: [2] 
2016-02-14 21:09:49|WARNING: Msg[1] [52 c1 f0 03] from [yz2]
2016-02-14 21:09:49|INFO: DEVICE: [yz2] EVENT: [EVENT_AVAILABLE] DEVICE_STATUS: [0] ITEM_STATUS: [2] 
2016-02-14 21:09:49|WARNING: Total Msg [52 c4 07 1d 52 c1 f0 03] from [sbjng]
2016-02-14 21:09:49|WARNING: Msg[0] [52 c4 07 1d] from [sbjng]
2016-02-14 21:09:49|INFO: DEVICE: [sbjng] EVENT: [RES_STATUS_BUSY] DEVICE_STATUS: [0] ITEM_STATUS: [2] 
2016-02-14 21:09:49|WARNING: Msg[1] [52 c1 f0 03] from [sbjng]
2016-02-14 21:09:49|INFO: DEVICE: [sbjng] EVENT: [EVENT_AVAILABLE] DEVICE_STATUS: [5] ITEM_STATUS: [2] 
2016-02-14 21:09:49|WARNING: Total Msg [52 c1 f0 03] from [sbjng]
2016-02-14 21:09:49|WARNING: Msg[0] [52 c1 f0 03] from [sbjng]
2016-02-14 21:09:49|INFO: DEVICE: [sbjng] EVENT: [EVENT_AVAILABLE] DEVICE_STATUS: [0] ITEM_STATUS: [2] 
2016-02-15 19:07:05|INFO: ACCEPT A CONNECTION FROM IP:[192.168.0.103] PORT:[5061]
2016-02-15 19:07:05|INFO: SERVER sent INSTRUCTION_DEVICE_RESET to [yz1]
2016-02-15 19:07:05|INFO: ACCEPT SOCKET FOR DEVICE [yz1]
2016-02-15 19:07:05|WARNING: Warning socket from unknow peer <socket._socketobject object at 0x00000000029E1A70>
2016-02-15 19:07:06|WARNING: Total Msg [52 c4 07 1d 52 c1 f0 03] from [yz1]
2016-02-15 19:07:06|WARNING: Msg[0] [52 c4 07 1d] from [yz1]
2016-02-15 19:07:06|INFO: DEVICE: [yz1] EVENT: [RES_STATUS_BUSY] DEVICE_STATUS: [7] ITEM_STATUS: [1] 
2016-02-15 19:07:06|WARNING: Msg[1] [52 c1 f0 03] from [yz1]
2016-02-15 19:07:06|INFO: DEVICE: [yz1] EVENT: [EVENT_AVAILABLE] DEVICE_STATUS: [7] ITEM_STATUS: [1] 
2016-02-15 19:07:06|INFO: Server sent to [yz1]: [INSTRUCTION_YZ_MOVE_RIGHT_AND_RECV_ITEM]
2016-02-15 19:07:06|WARNING: Total Msg [52 c4 07 1d] from [yz1]
2016-02-15 19:07:06|WARNING: Msg[0] [52 c4 07 1d] from [yz1]
2016-02-15 19:07:06|INFO: DEVICE: [yz1] EVENT: [RES_STATUS_BUSY] DEVICE_STATUS: [1] ITEM_STATUS: [1] 
2016-02-15 19:07:06|INFO: ACCEPT A CONNECTION FROM IP:[192.168.0.102] PORT:[5081]
2016-02-15 19:07:06|INFO: SERVER sent INSTRUCTION_DEVICE_RESET to [ict]
2016-02-15 19:07:06|INFO: ACCEPT SOCKET FOR DEVICE [ict]
2016-02-15 19:07:06|WARNING: Warning socket from unknow peer <socket._socketobject object at 0x00000000029E18D0>
2016-02-15 19:07:06|WARNING: Total Msg [52 c4 07 1d 52 d3 f8 1d] from [ict]
2016-02-15 19:07:06|WARNING: Msg[0] [52 c4 07 1d] from [ict]
2016-02-15 19:07:06|INFO: DEVICE: [ict] EVENT: [RES_STATUS_BUSY] DEVICE_STATUS: [0] ITEM_STATUS: [2] 
2016-02-15 19:07:06|WARNING: Msg[1] [52 d3 f8 1d] from [ict]
2016-02-15 19:07:07|INFO: ACCEPT A CONNECTION FROM IP:[192.168.0.109] PORT:[5071]
2016-02-15 19:07:07|INFO: SERVER sent INSTRUCTION_DEVICE_RESET to [sbjng]
2016-02-15 19:07:07|INFO: ACCEPT SOCKET FOR DEVICE [sbjng]
2016-02-15 19:07:07|WARNING: Warning socket from unknow peer <socket._socketobject object at 0x00000000029E19A0>
2016-02-15 19:07:07|INFO: ACCEPT A CONNECTION FROM IP:[192.168.0.108] PORT:[5063]
2016-02-15 19:07:07|INFO: SERVER sent INSTRUCTION_DEVICE_RESET to [yz2]
2016-02-15 19:07:07|INFO: ACCEPT SOCKET FOR DEVICE [yz2]
2016-02-15 19:07:07|WARNING: Warning socket from unknow peer <socket._socketobject object at 0x00000000029E1AD8>
2016-02-15 19:07:07|WARNING: Total Msg [52 c4 07 1d 52 c1 f0 03] from [sbjng]
2016-02-15 19:07:07|WARNING: Msg[0] [52 c4 07 1d] from [sbjng]
2016-02-15 19:07:07|INFO: DEVICE: [sbjng] EVENT: [RES_STATUS_BUSY] DEVICE_STATUS: [0] ITEM_STATUS: [2] 
2016-02-15 19:07:07|WARNING: Msg[1] [52 c1 f0 03] from [sbjng]
2016-02-15 19:07:07|INFO: DEVICE: [sbjng] EVENT: [EVENT_AVAILABLE] DEVICE_STATUS: [5] ITEM_STATUS: [2] 
2016-02-15 19:07:07|WARNING: Total Msg [52 c1 f0 03] from [sbjng]
2016-02-15 19:07:07|WARNING: Msg[0] [52 c1 f0 03] from [sbjng]
2016-02-15 19:07:07|INFO: DEVICE: [sbjng] EVENT: [EVENT_AVAILABLE] DEVICE_STATUS: [0] ITEM_STATUS: [2] 
2016-02-15 19:07:07|WARNING: Total Msg [52 c4 07 1d 52 c1 f0 03] from [yz2]
2016-02-15 19:07:07|WARNING: Msg[0] [52 c4 07 1d] from [yz2]
2016-02-15 19:07:07|INFO: DEVICE: [yz2] EVENT: [RES_STATUS_BUSY] DEVICE_STATUS: [0] ITEM_STATUS: [2] 
2016-02-15 19:07:07|WARNING: Msg[1] [52 c1 f0 03] from [yz2]
2016-02-15 19:07:07|INFO: DEVICE: [yz2] EVENT: [EVENT_AVAILABLE] DEVICE_STATUS: [0] ITEM_STATUS: [2] 
2016-02-15 19:07:09|WARNING: Total Msg [52 d3 f8 1d 52 c2 03 17] from [yz1]
2016-02-15 19:07:09|WARNING: Msg[0] [52 d3 f8 1d] from [yz1]
2016-02-15 19:07:09|WARNING: Msg[1] [52 c2 03 17] from [yz1]
2016-02-15 19:07:09|INFO: DEVICE: [yz1] EVENT: [EVENT_READYFOR_GETITEM_RIGHT] DEVICE_STATUS: [1] ITEM_STATUS: [1] 
2016-02-15 19:07:09|INFO: YZ1 is ready to recv, but [ict] is of status [0].
2016-02-15 19:07:09|WARNING: Total Msg [52 d3 f9 1e] from [yz1]
2016-02-15 19:07:09|WARNING: Msg[0] [52 d3 f9 1e] from [yz1]
2016-02-15 19:07:09|INFO: ACCEPT A CONNECTION FROM IP:[192.168.0.107] PORT:[5043]
2016-02-15 19:07:09|INFO: SERVER sent INSTRUCTION_DEVICE_RESET to [ft2]
2016-02-15 19:07:09|INFO: ACCEPT SOCKET FOR DEVICE [ft2]
2016-02-15 19:07:09|WARNING: Warning socket from unknow peer <socket._socketobject object at 0x00000000029E1938>
2016-02-15 19:07:09|WARNING: Total Msg [52 c4 07 1d 52 d3 f8 1d] from [ft2]
2016-02-15 19:07:09|WARNING: Msg[0] [52 c4 07 1d] from [ft2]
2016-02-15 19:07:09|INFO: DEVICE: [ft2] EVENT: [RES_STATUS_BUSY] DEVICE_STATUS: [10] ITEM_STATUS: [1] 
2016-02-15 19:07:09|WARNING: Msg[1] [52 d3 f8 1d] from [ft2]
2016-02-15 19:07:11|WARNING: Total Msg [52 c1 f0 03] from [ft2]
2016-02-15 19:07:11|WARNING: Msg[0] [52 c1 f0 03] from [ft2]
2016-02-15 19:07:11|INFO: DEVICE: [ft2] EVENT: [EVENT_AVAILABLE] DEVICE_STATUS: [10] ITEM_STATUS: [1] 
