2016-02-14 20:08:41|INFO: ##########################################################
2016-02-14 20:08:41|INFO: The server is starting
2016-02-14 20:08:41|INFO: ##########################################################
2016-02-14 20:08:41|INFO: ACCEPT A CONNECTION FROM IP:[192.168.0.103] PORT:[6398]
2016-02-14 20:08:41|INFO: SERVER sent INSTRUCTION_DEVICE_RESET to [yz1]
2016-02-14 20:08:41|INFO: ACCEPT SOCKET FOR DEVICE [yz1]
2016-02-14 20:08:41|INFO: ACCEPT A CONNECTION FROM IP:[192.168.0.102] PORT:[10873]
2016-02-14 20:08:41|INFO: SERVER sent INSTRUCTION_DEVICE_RESET to [ict]
2016-02-14 20:08:41|INFO: ACCEPT SOCKET FOR DEVICE [ict]
2016-02-14 20:08:41|WARNING: Total Msg [52 c4 07 1d 52 d3 f8 1d] from [ict]
2016-02-14 20:08:41|WARNING: Msg[0] [52 c4 07 1d] from [ict]
2016-02-14 20:08:41|INFO: DEVICE: [ict] EVENT: [RES_STATUS_BUSY] DEVICE_STATUS: [10] ITEM_STATUS: [1] 
2016-02-14 20:08:41|WARNING: Msg[1] [52 d3 f8 1d] from [ict]
2016-02-14 20:08:41|WARNING: Total Msg [52 c4 07 1d 52 c1 f1 04] from [yz1]
2016-02-14 20:08:41|WARNING: Msg[0] [52 c4 07 1d] from [yz1]
2016-02-14 20:08:41|INFO: DEVICE: [yz1] EVENT: [RES_STATUS_BUSY] DEVICE_STATUS: [10] ITEM_STATUS: [1] 
2016-02-14 20:08:41|WARNING: Msg[1] [52 c1 f1 04] from [yz1]
2016-02-14 20:08:41|INFO: DEVICE: [yz1] EVENT: [EVENT_GETITEM_FINISHED] DEVICE_STATUS: [10] ITEM_STATUS: [1] 
2016-02-14 20:08:41|INFO: yz1 is waiting for an available FT
2016-02-14 20:08:41|INFO: ACCEPT A CONNECTION FROM IP:[192.168.0.106] PORT:[10823]
2016-02-14 20:08:41|INFO: SERVER sent INSTRUCTION_DEVICE_RESET to [ft1]
2016-02-14 20:08:41|INFO: ACCEPT SOCKET FOR DEVICE [ft1]
2016-02-14 20:08:45|INFO: ACCEPT A CONNECTION FROM IP:[192.168.0.107] PORT:[10832]
2016-02-14 20:08:45|INFO: SERVER sent INSTRUCTION_DEVICE_RESET to [ft2]
2016-02-14 20:08:45|INFO: ACCEPT SOCKET FOR DEVICE [ft2]
2016-02-14 20:08:45|INFO: ACCEPT A CONNECTION FROM IP:[192.168.0.108] PORT:[9479]
2016-02-14 20:08:45|INFO: SERVER sent INSTRUCTION_DEVICE_RESET to [yz2]
2016-02-14 20:08:45|INFO: ACCEPT SOCKET FOR DEVICE [yz2]
2016-02-14 20:08:45|WARNING: Total Msg [52 c4 07 1d 52 d3 f8 1d] from [ft2]
2016-02-14 20:08:45|WARNING: Msg[0] [52 c4 07 1d] from [ft2]
2016-02-14 20:08:45|INFO: DEVICE: [ft2] EVENT: [RES_STATUS_BUSY] DEVICE_STATUS: [10] ITEM_STATUS: [1] 
2016-02-14 20:08:45|WARNING: Msg[1] [52 d3 f8 1d] from [ft2]
2016-02-14 20:08:45|INFO: ACCEPT A CONNECTION FROM IP:[192.168.0.109] PORT:[10711]
2016-02-14 20:08:45|INFO: SERVER sent INSTRUCTION_DEVICE_RESET to [sbjng]
2016-02-14 20:08:45|INFO: ACCEPT SOCKET FOR DEVICE [sbjng]
2016-02-14 20:08:45|WARNING: Total Msg [52 c4 07 1d] from [ft2]
2016-02-14 20:08:45|WARNING: Msg[0] [52 c4 07 1d] from [ft2]
2016-02-14 20:08:45|INFO: DEVICE: [ft2] EVENT: [RES_STATUS_BUSY] DEVICE_STATUS: [10] ITEM_STATUS: [1] 
2016-02-14 20:08:45|WARNING: Total Msg [52 d3 f5 1a] from [ft2]
2016-02-14 20:08:45|WARNING: Msg[0] [52 d3 f5 1a] from [ft2]
2016-02-14 20:08:45|WARNING: Total Msg [52 c4 07 1d 52 c1 f0 03] from [yz2]
2016-02-14 20:08:45|WARNING: Msg[0] [52 c4 07 1d] from [yz2]
2016-02-14 20:08:45|INFO: DEVICE: [yz2] EVENT: [RES_STATUS_BUSY] DEVICE_STATUS: [10] ITEM_STATUS: [1] 
2016-02-14 20:08:45|WARNING: Msg[1] [52 c1 f0 03] from [yz2]
2016-02-14 20:08:45|INFO: DEVICE: [yz2] EVENT: [EVENT_AVAILABLE] DEVICE_STATUS: [10] ITEM_STATUS: [1] 
2016-02-14 20:08:45|WARNING: Total Msg [52 c4 07 1d 52 c1 f0 03] from [sbjng]
2016-02-14 20:08:45|WARNING: Msg[0] [52 c4 07 1d] from [sbjng]
2016-02-14 20:08:45|INFO: DEVICE: [sbjng] EVENT: [RES_STATUS_BUSY] DEVICE_STATUS: [10] ITEM_STATUS: [1] 
2016-02-14 20:08:45|WARNING: Msg[1] [52 c1 f0 03] from [sbjng]
2016-02-14 20:08:45|INFO: DEVICE: [sbjng] EVENT: [EVENT_AVAILABLE] DEVICE_STATUS: [5] ITEM_STATUS: [1] 
2016-02-14 20:08:45|WARNING: Total Msg [52 c1 f0 03] from [sbjng]
2016-02-14 20:08:45|WARNING: Msg[0] [52 c1 f0 03] from [sbjng]
2016-02-14 20:08:45|INFO: DEVICE: [sbjng] EVENT: [EVENT_AVAILABLE] DEVICE_STATUS: [0] ITEM_STATUS: [2] 
2016-02-14 20:08:54|WARNING: Total Msg [52 c1 f4 07] from [ict]
2016-02-14 20:08:54|WARNING: Msg[0] [52 c1 f4 07] from [ict]
2016-02-14 20:08:54|INFO: DEVICE: [ict] EVENT: [EVENT_READYFOR_SENDITEM_OK] DEVICE_STATUS: [10] ITEM_STATUS: [1] 

















